Using pre-set license
Built from '2020.3/staging' branch; Version is '2020.3.0f1 (c7b5465681fb) revision 13088070'; Using compiler version '192528614'; Build Type 'Release'
OS: 'Windows 10 Home; OS build 19042.985; Version 2009; 64bit' Language: 'sv' Physical Memory: 16299 MB
BatchMode: 1, IsHumanControllingUs: 0, StartBugReporterOnCrash: 0, Is64bit: 1, IsPro: 0

 COMMAND LINE ARGUMENTS:
C:\Program Files\Unity\Hub\Editor\2020.3.0f1\Editor\Unity.exe
-adb2
-batchMode
-noUpm
-name
AssetImportWorker0
-projectPath
C:/Users/kirox/Documents/_GITHUB/MorphProject/Morph
-logFile
Logs/AssetImportWorker0.log
-srvPort
51492
Successfully changed project path to: C:/Users/kirox/Documents/_GITHUB/MorphProject/Morph
C:/Users/kirox/Documents/_GITHUB/MorphProject/Morph
Using Asset Import Pipeline V2.
Refreshing native plugins compatible for Editor in 36.00 ms, found 0 plugins.
Preloading 0 native plugins for Editor in 0.00 ms.
Initialize engine version: 2020.3.0f1 (c7b5465681fb)
[Subsystems] Discovering subsystems at path C:/Program Files/Unity/Hub/Editor/2020.3.0f1/Editor/Data/Resources/UnitySubsystems
[Subsystems] Discovering subsystems at path C:/Users/kirox/Documents/_GITHUB/MorphProject/Morph/Assets
GfxDevice: creating device client; threaded=0
Direct3D:
    Version:  Direct3D 11.0 [level 11.1]
    Renderer: NVIDIA GeForce GTX 1080 (ID=0x1b80)
    Vendor:   
    VRAM:     8079 MB
    Driver:   27.21.14.6089
Initialize mono
Mono path[0] = 'C:/Program Files/Unity/Hub/Editor/2020.3.0f1/Editor/Data/Managed'
Mono path[1] = 'C:/Program Files/Unity/Hub/Editor/2020.3.0f1/Editor/Data/MonoBleedingEdge/lib/mono/unityjit'
Mono config path = 'C:/Program Files/Unity/Hub/Editor/2020.3.0f1/Editor/Data/MonoBleedingEdge/etc'
Using monoOptions --debugger-agent=transport=dt_socket,embedding=1,server=y,suspend=n,address=127.0.0.1:56080
Begin MonoManager ReloadAssembly
Registering precompiled unity dll's ...
Register platform support module: C:/Program Files/Unity/Hub/Editor/2020.3.0f1/Editor/Data/PlaybackEngines/WebGLSupport/UnityEditor.WebGL.Extensions.dll
Register platform support module: C:/Program Files/Unity/Hub/Editor/2020.3.0f1/Editor/Data/PlaybackEngines/WindowsStandaloneSupport/UnityEditor.WindowsStandalone.Extensions.dll
Registered in 0.003825 seconds.
Native extension for WindowsStandalone target not found
Native extension for WebGL target not found
Refreshing native plugins compatible for Editor in 30.37 ms, found 0 plugins.
Preloading 0 native plugins for Editor in 0.00 ms.
Invoked RoslynAnalysisRunner static constructor.
RoslynAnalysisRunner will not be running.
RoslynAnalysisRunner has terminated.
Mono: successfully reloaded assembly
- Completed reload, in  1.802 seconds
Platform modules already initialized, skipping
Registering precompiled user dll's ...
Registered in 0.000743 seconds.
Begin MonoManager ReloadAssembly
Native extension for WindowsStandalone target not found
Native extension for WebGL target not found
Refreshing native plugins compatible for Editor in 0.25 ms, found 0 plugins.
Preloading 0 native plugins for Editor in 0.00 ms.
Invoked RoslynAnalysisRunner static constructor.
RoslynAnalysisRunner will not be running.
RoslynAnalysisRunner has terminated.
Mono: successfully reloaded assembly
- Completed reload, in  0.785 seconds
Platform modules already initialized, skipping
========================================================================
Worker process is ready to serve import requests
Launched and connected shader compiler UnityShaderCompiler.exe after 0.04 seconds
Refreshing native plugins compatible for Editor in 0.26 ms, found 0 plugins.
Preloading 0 native plugins for Editor in 0.00 ms.
Unloading 1315 Unused Serialized files (Serialized files now loaded: 0)
System memory in use before: 70.4 MB.
System memory in use after: 70.5 MB.

Unloading 9 unused Assets to reduce memory usage. Loaded Objects now: 1762.
Total: 1.733400 ms (FindLiveObjects: 0.247600 ms CreateObjectMapping: 0.101800 ms MarkObjects: 1.318700 ms  DeleteObjects: 0.064300 ms)

========================================================================
Received Import Request.
  path: Assets/Prefabs/World/BigRoom05.prefab
  artifactKey: Guid(0c153f1fe019f8543b686fdcf2882070) Importer(815301076,1909f56bfc062723c751e8b465ee728b)
Start importing Assets/Prefabs/World/BigRoom05.prefab using Guid(0c153f1fe019f8543b686fdcf2882070) Importer(815301076,1909f56bfc062723c751e8b465ee728b)  -> (artifact id: 'ee163bb0407931e0c123dd86f57bb87d') in 0.218192 seconds
  Import took 0.220861 seconds .

========================================================================
Received Prepare
Registering precompiled user dll's ...
Registered in 0.000975 seconds.
Begin MonoManager ReloadAssembly
Native extension for WindowsStandalone target not found
Native extension for WebGL target not found
Refreshing native plugins compatible for Editor in 0.30 ms, found 0 plugins.
Preloading 0 native plugins for Editor in 0.00 ms.
Invoked RoslynAnalysisRunner static constructor.
RoslynAnalysisRunner will not be running.
RoslynAnalysisRunner has terminated.
Mono: successfully reloaded assembly
- Completed reload, in  0.792 seconds
Platform modules already initialized, skipping
Switching build target platform(5) subTarget(0) extendedPlatform(0) -> platform(13) subTarget(537395200) extendedPlatform(0)
Refreshing native plugins compatible for Editor in 0.31 ms, found 0 plugins.
Preloading 0 native plugins for Editor in 0.00 ms.
Unloading 1271 Unused Serialized files (Serialized files now loaded: 0)
System memory in use before: 68.7 MB.
System memory in use after: 68.8 MB.

Unloading 4 unused Assets to reduce memory usage. Loaded Objects now: 1773.
Total: 1.991400 ms (FindLiveObjects: 0.138800 ms CreateObjectMapping: 0.048000 ms MarkObjects: 1.784700 ms  DeleteObjects: 0.018800 ms)

AssetImportParameters requested are different than current active one (requested -> active):
  custom:graphics/normal-map-encoding: 01000000000000000000000000000000 -> 02000000000000000000000000000000
========================================================================
Received Prepare
Registering precompiled user dll's ...
Registered in 0.000750 seconds.
Begin MonoManager ReloadAssembly
Native extension for WindowsStandalone target not found
Native extension for WebGL target not found
Refreshing native plugins compatible for Editor in 0.28 ms, found 0 plugins.
Preloading 0 native plugins for Editor in 0.00 ms.
Invoked RoslynAnalysisRunner static constructor.
RoslynAnalysisRunner will not be running.
RoslynAnalysisRunner has terminated.
Mono: successfully reloaded assembly
- Completed reload, in  0.793 seconds
Platform modules already initialized, skipping
Switching build target platform(5) subTarget(0) extendedPlatform(0) -> platform(13) subTarget(537395200) extendedPlatform(0)
Refreshing native plugins compatible for Editor in 0.28 ms, found 0 plugins.
Preloading 0 native plugins for Editor in 0.00 ms.
Unloading 1271 Unused Serialized files (Serialized files now loaded: 0)
System memory in use before: 68.7 MB.
System memory in use after: 68.8 MB.

Unloading 4 unused Assets to reduce memory usage. Loaded Objects now: 1776.
Total: 1.761100 ms (FindLiveObjects: 0.152000 ms CreateObjectMapping: 0.049100 ms MarkObjects: 1.541300 ms  DeleteObjects: 0.017500 ms)

AssetImportParameters requested are different than current active one (requested -> active):
  custom:graphics/normal-map-encoding: 01000000000000000000000000000000 -> 02000000000000000000000000000000
========================================================================
Received Prepare
Registering precompiled user dll's ...
Registered in 0.000747 seconds.
Begin MonoManager ReloadAssembly
Native extension for WindowsStandalone target not found
Native extension for WebGL target not found
Refreshing native plugins compatible for Editor in 0.28 ms, found 0 plugins.
Preloading 0 native plugins for Editor in 0.00 ms.
Invoked RoslynAnalysisRunner static constructor.
RoslynAnalysisRunner will not be running.
RoslynAnalysisRunner has terminated.
Mono: successfully reloaded assembly
- Completed reload, in  0.769 seconds
Platform modules already initialized, skipping
Switching build target platform(5) subTarget(0) extendedPlatform(0) -> platform(13) subTarget(537395200) extendedPlatform(0)
Refreshing native plugins compatible for Editor in 0.25 ms, found 0 plugins.
Preloading 0 native plugins for Editor in 0.00 ms.
Unloading 1271 Unused Serialized files (Serialized files now loaded: 0)
System memory in use before: 68.7 MB.
System memory in use after: 68.8 MB.

Unloading 4 unused Assets to reduce memory usage. Loaded Objects now: 1779.
Total: 1.841300 ms (FindLiveObjects: 0.289100 ms CreateObjectMapping: 0.073400 ms MarkObjects: 1.460300 ms  DeleteObjects: 0.016900 ms)

AssetImportParameters requested are different than current active one (requested -> active):
  custom:graphics/normal-map-encoding: 01000000000000000000000000000000 -> 02000000000000000000000000000000
========================================================================
Received Import Request.
  Time since last request: 2466.738577 seconds.
  path: Assets/Models/longLamp.fbx
  artifactKey: Guid(6c555203762419341b688a1870494962) Importer(815301076,1909f56bfc062723c751e8b465ee728b)
Start importing Assets/Models/longLamp.fbx using Guid(6c555203762419341b688a1870494962) Importer(815301076,1909f56bfc062723c751e8b465ee728b)  -> (artifact id: '539eb3c306502a36d98820cd09fdcbe2') in 0.131850 seconds
  Import took 0.134943 seconds .

========================================================================
Received Import Request.
  Time since last request: 136.353740 seconds.
  path: Assets/Models/longLamp.fbx
  artifactKey: Guid(6c555203762419341b688a1870494962) Importer(815301076,1909f56bfc062723c751e8b465ee728b)
Start importing Assets/Models/longLamp.fbx using Guid(6c555203762419341b688a1870494962) Importer(815301076,1909f56bfc062723c751e8b465ee728b)  -> (artifact id: '66d6f05c719fdaf481317ec4a769e450') in 0.037484 seconds
  Import took 0.039630 seconds .

========================================================================
Received Import Request.
  Time since last request: 30.075536 seconds.
  path: Assets/Prefabs/longLamp.prefab
  artifactKey: Guid(f9a50e948c304cf4aa26d95196a81f8e) Importer(815301076,1909f56bfc062723c751e8b465ee728b)
Start importing Assets/Prefabs/longLamp.prefab using Guid(f9a50e948c304cf4aa26d95196a81f8e) Importer(815301076,1909f56bfc062723c751e8b465ee728b)  -> (artifact id: '9b55820a713199c6d8ab04cdbb5dca96') in 0.010426 seconds
  Import took 0.012945 seconds .

========================================================================
Received Import Request.
  Time since last request: 16.912520 seconds.
  path: Assets/Prefabs/longLamp.prefab
  artifactKey: Guid(f9a50e948c304cf4aa26d95196a81f8e) Importer(815301076,1909f56bfc062723c751e8b465ee728b)
Start importing Assets/Prefabs/longLamp.prefab using Guid(f9a50e948c304cf4aa26d95196a81f8e) Importer(815301076,1909f56bfc062723c751e8b465ee728b)  -> (artifact id: 'c5f26be1beb1ef5714d989103de69aef') in 0.010338 seconds
  Import took 0.012875 seconds .

========================================================================
Received Import Request.
  Time since last request: 0.182166 seconds.
  path: Assets/Prefabs/longLamp.prefab
  artifactKey: Guid(f9a50e948c304cf4aa26d95196a81f8e) Importer(815301076,1909f56bfc062723c751e8b465ee728b)
Start importing Assets/Prefabs/longLamp.prefab using Guid(f9a50e948c304cf4aa26d95196a81f8e) Importer(815301076,1909f56bfc062723c751e8b465ee728b)  -> (artifact id: '88cf3671ac68e7c99b87e1421427d0e6') in 0.010787 seconds
  Import took 0.013613 seconds .

========================================================================
Received Import Request.
  Time since last request: 2.251230 seconds.
  path: Assets/Prefabs/longLamp.prefab
  artifactKey: Guid(f9a50e948c304cf4aa26d95196a81f8e) Importer(815301076,1909f56bfc062723c751e8b465ee728b)
Start importing Assets/Prefabs/longLamp.prefab using Guid(f9a50e948c304cf4aa26d95196a81f8e) Importer(815301076,1909f56bfc062723c751e8b465ee728b)  -> (artifact id: 'c11ea5f31dafb52c8a7a0702c4651988') in 0.008293 seconds
  Import took 0.010513 seconds .

========================================================================
Received Import Request.
  Time since last request: 4.789053 seconds.
  path: Assets/Prefabs/longLamp.prefab
  artifactKey: Guid(f9a50e948c304cf4aa26d95196a81f8e) Importer(815301076,1909f56bfc062723c751e8b465ee728b)
Start importing Assets/Prefabs/longLamp.prefab using Guid(f9a50e948c304cf4aa26d95196a81f8e) Importer(815301076,1909f56bfc062723c751e8b465ee728b)  -> (artifact id: 'b0e3ef2adee067464544fd8deb73fe15') in 0.007213 seconds
  Import took 0.010401 seconds .

========================================================================
Received Import Request.
  Time since last request: 12.228366 seconds.
  path: Assets/Prefabs/longLamp.prefab
  artifactKey: Guid(f9a50e948c304cf4aa26d95196a81f8e) Importer(815301076,1909f56bfc062723c751e8b465ee728b)
Start importing Assets/Prefabs/longLamp.prefab using Guid(f9a50e948c304cf4aa26d95196a81f8e) Importer(815301076,1909f56bfc062723c751e8b465ee728b)  -> (artifact id: 'bc7f271b9f4aba04dae2139eb7bbb97f') in 0.008272 seconds
  Import took 0.010340 seconds .

========================================================================
Received Import Request.
  Time since last request: 3.444170 seconds.
  path: Assets/Prefabs/longLamp.prefab
  artifactKey: Guid(f9a50e948c304cf4aa26d95196a81f8e) Importer(815301076,1909f56bfc062723c751e8b465ee728b)
Start importing Assets/Prefabs/longLamp.prefab using Guid(f9a50e948c304cf4aa26d95196a81f8e) Importer(815301076,1909f56bfc062723c751e8b465ee728b)  -> (artifact id: '9bab1b18258c3f2f2cbd24262f0aeb35') in 0.017177 seconds
  Import took 0.020806 seconds .

========================================================================
Received Import Request.
  Time since last request: 9.027609 seconds.
  path: Assets/Prefabs/longLamp.prefab
  artifactKey: Guid(f9a50e948c304cf4aa26d95196a81f8e) Importer(815301076,1909f56bfc062723c751e8b465ee728b)
Start importing Assets/Prefabs/longLamp.prefab using Guid(f9a50e948c304cf4aa26d95196a81f8e) Importer(815301076,1909f56bfc062723c751e8b465ee728b)  -> (artifact id: '09b6af13d04702ecaba1aaf720555ebe') in 0.008382 seconds
  Import took 0.011088 seconds .

========================================================================
Received Import Request.
  Time since last request: 1.431204 seconds.
  path: Assets/Prefabs/longLamp.prefab
  artifactKey: Guid(f9a50e948c304cf4aa26d95196a81f8e) Importer(815301076,1909f56bfc062723c751e8b465ee728b)
Start importing Assets/Prefabs/longLamp.prefab using Guid(f9a50e948c304cf4aa26d95196a81f8e) Importer(815301076,1909f56bfc062723c751e8b465ee728b)  -> (artifact id: '3712df04b80e2123502b159c9741f9c9') in 0.009647 seconds
  Import took 0.012094 seconds .

========================================================================
Received Import Request.
  Time since last request: 10.658844 seconds.
  path: Assets/Prefabs/longLamp.prefab
  artifactKey: Guid(f9a50e948c304cf4aa26d95196a81f8e) Importer(815301076,1909f56bfc062723c751e8b465ee728b)
Start importing Assets/Prefabs/longLamp.prefab using Guid(f9a50e948c304cf4aa26d95196a81f8e) Importer(815301076,1909f56bfc062723c751e8b465ee728b)  -> (artifact id: '298d1ec406378fbf8cb5563a5448fbea') in 0.009979 seconds
  Import took 0.012251 seconds .

========================================================================
Received Import Request.
  Time since last request: 6.504098 seconds.
  path: Assets/Prefabs/longLamp.prefab
  artifactKey: Guid(f9a50e948c304cf4aa26d95196a81f8e) Importer(815301076,1909f56bfc062723c751e8b465ee728b)
Start importing Assets/Prefabs/longLamp.prefab using Guid(f9a50e948c304cf4aa26d95196a81f8e) Importer(815301076,1909f56bfc062723c751e8b465ee728b)  -> (artifact id: 'a4f856ee74d3660b64282ffd2a12c4fb') in 0.012043 seconds
  Import took 0.015082 seconds .

========================================================================
Received Import Request.
  Time since last request: 19.268897 seconds.
  path: Assets/Prefabs/longLamp.prefab
  artifactKey: Guid(f9a50e948c304cf4aa26d95196a81f8e) Importer(815301076,1909f56bfc062723c751e8b465ee728b)
Start importing Assets/Prefabs/longLamp.prefab using Guid(f9a50e948c304cf4aa26d95196a81f8e) Importer(815301076,1909f56bfc062723c751e8b465ee728b)  -> (artifact id: '357749afca129f75caed83e412dedd23') in 0.011154 seconds
  Import took 0.013428 seconds .

========================================================================
Received Import Request.
  Time since last request: 15.642687 seconds.
  path: Assets/Prefabs/World/BigRoom02.prefab
  artifactKey: Guid(ca1242121fff87f48a756d37776e620c) Importer(815301076,1909f56bfc062723c751e8b465ee728b)
Start importing Assets/Prefabs/World/BigRoom02.prefab using Guid(ca1242121fff87f48a756d37776e620c) Importer(815301076,1909f56bfc062723c751e8b465ee728b)  -> (artifact id: 'e93366e63e8e124d16c93f15034d7c77') in 0.116987 seconds
  Import took 0.120080 seconds .

========================================================================
Received Prepare
Registering precompiled user dll's ...
Registered in 0.000654 seconds.
Begin MonoManager ReloadAssembly
Native extension for WindowsStandalone target not found
Native extension for WebGL target not found
Refreshing native plugins compatible for Editor in 0.31 ms, found 0 plugins.
Preloading 0 native plugins for Editor in 0.00 ms.
Invoked RoslynAnalysisRunner static constructor.
RoslynAnalysisRunner will not be running.
RoslynAnalysisRunner has terminated.
Mono: successfully reloaded assembly
- Completed reload, in  0.836 seconds
Platform modules already initialized, skipping
Switching build target platform(5) subTarget(0) extendedPlatform(0) -> platform(13) subTarget(537395200) extendedPlatform(0)
Refreshing native plugins compatible for Editor in 0.25 ms, found 0 plugins.
Preloading 0 native plugins for Editor in 0.00 ms.
Unloading 1271 Unused Serialized files (Serialized files now loaded: 0)
System memory in use before: 69.2 MB.
System memory in use after: 69.3 MB.

Unloading 4 unused Assets to reduce memory usage. Loaded Objects now: 1820.
Total: 1.326100 ms (FindLiveObjects: 0.136800 ms CreateObjectMapping: 0.035700 ms MarkObjects: 1.141600 ms  DeleteObjects: 0.011200 ms)

AssetImportParameters requested are different than current active one (requested -> active):
  custom:graphics/normal-map-encoding: 01000000000000000000000000000000 -> 02000000000000000000000000000000
========================================================================
Received Import Request.
  Time since last request: 3316.618794 seconds.
  path: Assets/Prefabs/longLamp.prefab
  artifactKey: Guid(f9a50e948c304cf4aa26d95196a81f8e) Importer(815301076,1909f56bfc062723c751e8b465ee728b)
Start importing Assets/Prefabs/longLamp.prefab using Guid(f9a50e948c304cf4aa26d95196a81f8e) Importer(815301076,1909f56bfc062723c751e8b465ee728b)  -> (artifact id: 'f51d6a2183ef3a66ee194e0b425e32d9') in 0.059549 seconds
  Import took 0.062829 seconds .

========================================================================
Received Import Request.
  Time since last request: 5.733729 seconds.
  path: Assets/Prefabs/longLamp.prefab
  artifactKey: Guid(f9a50e948c304cf4aa26d95196a81f8e) Importer(815301076,1909f56bfc062723c751e8b465ee728b)
Start importing Assets/Prefabs/longLamp.prefab using Guid(f9a50e948c304cf4aa26d95196a81f8e) Importer(815301076,1909f56bfc062723c751e8b465ee728b)  -> (artifact id: 'ee451f436b6d2562b0ac0f22bf0483fd') in 0.008100 seconds
  Import took 0.011239 seconds .

========================================================================
Received Import Request.
  Time since last request: 2.142318 seconds.
  path: Assets/Prefabs/longLamp.prefab
  artifactKey: Guid(f9a50e948c304cf4aa26d95196a81f8e) Importer(815301076,1909f56bfc062723c751e8b465ee728b)
Start importing Assets/Prefabs/longLamp.prefab using Guid(f9a50e948c304cf4aa26d95196a81f8e) Importer(815301076,1909f56bfc062723c751e8b465ee728b)  -> (artifact id: '7648f9f615e4429c724421b563b310ae') in 0.009914 seconds
  Import took 0.013129 seconds .

========================================================================
Received Import Request.
  Time since last request: 37.930775 seconds.
  path: Assets/Prefabs/longLamp.prefab
  artifactKey: Guid(f9a50e948c304cf4aa26d95196a81f8e) Importer(815301076,1909f56bfc062723c751e8b465ee728b)
Start importing Assets/Prefabs/longLamp.prefab using Guid(f9a50e948c304cf4aa26d95196a81f8e) Importer(815301076,1909f56bfc062723c751e8b465ee728b)  -> (artifact id: '5a24531dab5537d1627044338b99b5ed') in 0.013219 seconds
  Import took 0.015408 seconds .

========================================================================
Received Import Request.
  Time since last request: 4.426456 seconds.
  path: Assets/Prefabs/longLamp.prefab
  artifactKey: Guid(f9a50e948c304cf4aa26d95196a81f8e) Importer(815301076,1909f56bfc062723c751e8b465ee728b)
Start importing Assets/Prefabs/longLamp.prefab using Guid(f9a50e948c304cf4aa26d95196a81f8e) Importer(815301076,1909f56bfc062723c751e8b465ee728b)  -> (artifact id: 'ba90fedeeab3d9d85d99ad4af647e574') in 0.009021 seconds
  Import took 0.011817 seconds .

========================================================================
Received Import Request.
  Time since last request: 2.685608 seconds.
  path: Assets/Prefabs/longLamp.prefab
  artifactKey: Guid(f9a50e948c304cf4aa26d95196a81f8e) Importer(815301076,1909f56bfc062723c751e8b465ee728b)
Start importing Assets/Prefabs/longLamp.prefab using Guid(f9a50e948c304cf4aa26d95196a81f8e) Importer(815301076,1909f56bfc062723c751e8b465ee728b)  -> (artifact id: '69b89a4dd546d4ce96481c481f5fcec2') in 0.008719 seconds
  Import took 0.011046 seconds .

========================================================================
Received Import Request.
  Time since last request: 63.425692 seconds.
  path: Assets/Prefabs/longLamp.prefab
  artifactKey: Guid(f9a50e948c304cf4aa26d95196a81f8e) Importer(815301076,1909f56bfc062723c751e8b465ee728b)
Start importing Assets/Prefabs/longLamp.prefab using Guid(f9a50e948c304cf4aa26d95196a81f8e) Importer(815301076,1909f56bfc062723c751e8b465ee728b)  -> (artifact id: '75892ac6d7ab0c7fd5a88c0de94e8c19') in 0.009546 seconds
  Import took 0.012677 seconds .

========================================================================
Received Import Request.
  Time since last request: 3.596554 seconds.
  path: Assets/Prefabs/longLamp.prefab
  artifactKey: Guid(f9a50e948c304cf4aa26d95196a81f8e) Importer(815301076,1909f56bfc062723c751e8b465ee728b)
Start importing Assets/Prefabs/longLamp.prefab using Guid(f9a50e948c304cf4aa26d95196a81f8e) Importer(815301076,1909f56bfc062723c751e8b465ee728b)  -> (artifact id: '4a035c072c77a154878f9eb138c8ba21') in 0.013169 seconds
  Import took 0.015439 seconds .

========================================================================
Received Import Request.
  Time since last request: 9.336923 seconds.
  path: Assets/Prefabs/longLamp.prefab
  artifactKey: Guid(f9a50e948c304cf4aa26d95196a81f8e) Importer(815301076,1909f56bfc062723c751e8b465ee728b)
Start importing Assets/Prefabs/longLamp.prefab using Guid(f9a50e948c304cf4aa26d95196a81f8e) Importer(815301076,1909f56bfc062723c751e8b465ee728b)  -> (artifact id: 'a9304a1e62dba8fc56a65926d1a3eafa') in 0.009305 seconds
  Import took 0.011509 seconds .

========================================================================
Received Import Request.
  Time since last request: 10.155597 seconds.
  path: Assets/Prefabs/longLamp.prefab
  artifactKey: Guid(f9a50e948c304cf4aa26d95196a81f8e) Importer(815301076,1909f56bfc062723c751e8b465ee728b)
Start importing Assets/Prefabs/longLamp.prefab using Guid(f9a50e948c304cf4aa26d95196a81f8e) Importer(815301076,1909f56bfc062723c751e8b465ee728b)  -> (artifact id: '80d8556f6bb6937421a38ea43f59b22a') in 0.010587 seconds
  Import took 0.013354 seconds .

========================================================================
Received Import Request.
  Time since last request: 6.399555 seconds.
  path: Assets/Prefabs/longLamp.prefab
  artifactKey: Guid(f9a50e948c304cf4aa26d95196a81f8e) Importer(815301076,1909f56bfc062723c751e8b465ee728b)
Start importing Assets/Prefabs/longLamp.prefab using Guid(f9a50e948c304cf4aa26d95196a81f8e) Importer(815301076,1909f56bfc062723c751e8b465ee728b)  -> (artifact id: '6e8ba63172e4867ee2ece3c6d696d28e') in 0.013427 seconds
  Import took 0.016749 seconds .

========================================================================
Received Import Request.
  Time since last request: 14.736200 seconds.
  path: Assets/Prefabs/longLamp.prefab
  artifactKey: Guid(f9a50e948c304cf4aa26d95196a81f8e) Importer(815301076,1909f56bfc062723c751e8b465ee728b)
Start importing Assets/Prefabs/longLamp.prefab using Guid(f9a50e948c304cf4aa26d95196a81f8e) Importer(815301076,1909f56bfc062723c751e8b465ee728b)  -> (artifact id: 'a19e8f96271043ce5b9b728f2cb8ad9f') in 0.011945 seconds
  Import took 0.014319 seconds .

========================================================================
Received Import Request.
  Time since last request: 6.020701 seconds.
  path: Assets/Prefabs/longLamp.prefab
  artifactKey: Guid(f9a50e948c304cf4aa26d95196a81f8e) Importer(815301076,1909f56bfc062723c751e8b465ee728b)
Start importing Assets/Prefabs/longLamp.prefab using Guid(f9a50e948c304cf4aa26d95196a81f8e) Importer(815301076,1909f56bfc062723c751e8b465ee728b)  -> (artifact id: '3ca917149001bf80e191dafb4b00be61') in 0.012463 seconds
  Import took 0.014830 seconds .

========================================================================
Received Prepare
Registering precompiled user dll's ...
Registered in 0.066717 seconds.
Begin MonoManager ReloadAssembly
Native extension for WindowsStandalone target not found
Native extension for WebGL target not found
Refreshing native plugins compatible for Editor in 0.25 ms, found 0 plugins.
Preloading 0 native plugins for Editor in 0.00 ms.
Invoked RoslynAnalysisRunner static constructor.
RoslynAnalysisRunner will not be running.
RoslynAnalysisRunner has terminated.
Mono: successfully reloaded assembly
- Completed reload, in  5.689 seconds
Platform modules already initialized, skipping
Switching build target platform(5) subTarget(0) extendedPlatform(0) -> platform(13) subTarget(537395200) extendedPlatform(0)
Refreshing native plugins compatible for Editor in 0.29 ms, found 0 plugins.
Preloading 0 native plugins for Editor in 0.00 ms.
Unloading 1271 Unused Serialized files (Serialized files now loaded: 0)
System memory in use before: 69.2 MB.
System memory in use after: 69.3 MB.

Unloading 4 unused Assets to reduce memory usage. Loaded Objects now: 1824.
Total: 1.878800 ms (FindLiveObjects: 0.205200 ms CreateObjectMapping: 0.093800 ms MarkObjects: 1.564700 ms  DeleteObjects: 0.013800 ms)

AssetImportParameters requested are different than current active one (requested -> active):
  custom:graphics/normal-map-encoding: 01000000000000000000000000000000 -> 02000000000000000000000000000000
========================================================================
Received Prepare
Registering precompiled user dll's ...
Registered in 0.000721 seconds.
Begin MonoManager ReloadAssembly
Native extension for WindowsStandalone target not found
Native extension for WebGL target not found
Refreshing native plugins compatible for Editor in 0.41 ms, found 0 plugins.
Preloading 0 native plugins for Editor in 0.00 ms.
Invoked RoslynAnalysisRunner static constructor.
RoslynAnalysisRunner will not be running.
RoslynAnalysisRunner has terminated.
Mono: successfully reloaded assembly
- Completed reload, in  0.826 seconds
Platform modules already initialized, skipping
Switching build target platform(5) subTarget(0) extendedPlatform(0) -> platform(13) subTarget(537395200) extendedPlatform(0)
Refreshing native plugins compatible for Editor in 0.24 ms, found 0 plugins.
Preloading 0 native plugins for Editor in 0.00 ms.
Unloading 1271 Unused Serialized files (Serialized files now loaded: 0)
System memory in use before: 69.2 MB.
System memory in use after: 69.3 MB.

Unloading 4 unused Assets to reduce memory usage. Loaded Objects now: 1827.
Total: 1.794300 ms (FindLiveObjects: 0.257100 ms CreateObjectMapping: 0.056300 ms MarkObjects: 1.452700 ms  DeleteObjects: 0.026000 ms)

AssetImportParameters requested are different than current active one (requested -> active):
  custom:graphics/normal-map-encoding: 01000000000000000000000000000000 -> 02000000000000000000000000000000
========================================================================
Received Import Request.
  Time since last request: 362.321109 seconds.
  path: Assets/Prefabs/longLamp.prefab
  artifactKey: Guid(f9a50e948c304cf4aa26d95196a81f8e) Importer(815301076,1909f56bfc062723c751e8b465ee728b)
Start importing Assets/Prefabs/longLamp.prefab using Guid(f9a50e948c304cf4aa26d95196a81f8e) Importer(815301076,1909f56bfc062723c751e8b465ee728b)  -> (artifact id: '93d3a8405b6aea1eef27bb5f8195e50e') in 0.055445 seconds
  Import took 0.059264 seconds .

========================================================================
Received Import Request.
  Time since last request: 6.728542 seconds.
  path: Assets/Prefabs/longLamp.prefab
  artifactKey: Guid(f9a50e948c304cf4aa26d95196a81f8e) Importer(815301076,1909f56bfc062723c751e8b465ee728b)
Start importing Assets/Prefabs/longLamp.prefab using Guid(f9a50e948c304cf4aa26d95196a81f8e) Importer(815301076,1909f56bfc062723c751e8b465ee728b)  -> (artifact id: '51e10e06f123df953df2072e3cf603c8') in 0.009215 seconds
  Import took 0.011804 seconds .

========================================================================
Received Import Request.
  Time since last request: 1.447251 seconds.
  path: Assets/Prefabs/longLamp.prefab
  artifactKey: Guid(f9a50e948c304cf4aa26d95196a81f8e) Importer(815301076,1909f56bfc062723c751e8b465ee728b)
Start importing Assets/Prefabs/longLamp.prefab using Guid(f9a50e948c304cf4aa26d95196a81f8e) Importer(815301076,1909f56bfc062723c751e8b465ee728b)  -> (artifact id: '67c6f4008d981b4d13f02d9276128be5') in 0.010887 seconds
  Import took 0.013827 seconds .

========================================================================
Received Import Request.
  Time since last request: 1.783299 seconds.
  path: Assets/Prefabs/longLamp.prefab
  artifactKey: Guid(f9a50e948c304cf4aa26d95196a81f8e) Importer(815301076,1909f56bfc062723c751e8b465ee728b)
Start importing Assets/Prefabs/longLamp.prefab using Guid(f9a50e948c304cf4aa26d95196a81f8e) Importer(815301076,1909f56bfc062723c751e8b465ee728b)  -> (artifact id: '377a42bf8a9a6d36ae26b4e944c8dffb') in 0.009607 seconds
  Import took 0.011717 seconds .

========================================================================
Received Import Request.
  Time since last request: 2.985092 seconds.
  path: Assets/Prefabs/longLamp.prefab
  artifactKey: Guid(f9a50e948c304cf4aa26d95196a81f8e) Importer(815301076,1909f56bfc062723c751e8b465ee728b)
Start importing Assets/Prefabs/longLamp.prefab using Guid(f9a50e948c304cf4aa26d95196a81f8e) Importer(815301076,1909f56bfc062723c751e8b465ee728b)  -> (artifact id: 'baf75fe4bbfdfd60039f04d588053058') in 0.009851 seconds
  Import took 0.012355 seconds .

========================================================================
Received Import Request.
  Time since last request: 28.741076 seconds.
  path: Assets/Prefabs/lamp.prefab
  artifactKey: Guid(8aaa9361f937e9a49ab04f65eb2c7dc3) Importer(815301076,1909f56bfc062723c751e8b465ee728b)
Start importing Assets/Prefabs/lamp.prefab using Guid(8aaa9361f937e9a49ab04f65eb2c7dc3) Importer(815301076,1909f56bfc062723c751e8b465ee728b)  -> (artifact id: '6fb10a0d99a4c3e918492c7f9c7e1560') in 0.010711 seconds
  Import took 0.013649 seconds .

========================================================================
Received Import Request.
  Time since last request: 7.549450 seconds.
  path: Assets/Prefabs/lamp.prefab
  artifactKey: Guid(8aaa9361f937e9a49ab04f65eb2c7dc3) Importer(815301076,1909f56bfc062723c751e8b465ee728b)
Start importing Assets/Prefabs/lamp.prefab using Guid(8aaa9361f937e9a49ab04f65eb2c7dc3) Importer(815301076,1909f56bfc062723c751e8b465ee728b)  -> (artifact id: 'a0cd6884d89cc84cd99a28e3b4125a9d') in 0.009985 seconds
  Import took 0.012056 seconds .

========================================================================
Received Import Request.
  Time since last request: 51.908555 seconds.
  path: Assets/Prefabs/longLamp.prefab
  artifactKey: Guid(f9a50e948c304cf4aa26d95196a81f8e) Importer(815301076,1909f56bfc062723c751e8b465ee728b)
Start importing Assets/Prefabs/longLamp.prefab using Guid(f9a50e948c304cf4aa26d95196a81f8e) Importer(815301076,1909f56bfc062723c751e8b465ee728b)  -> (artifact id: '1333e995a3f52c1e07b091f9c7a8d2b6') in 0.008705 seconds
  Import took 0.011070 seconds .

========================================================================
Received Import Request.
  Time since last request: 2.140035 seconds.
  path: Assets/Prefabs/longLamp.prefab
  artifactKey: Guid(f9a50e948c304cf4aa26d95196a81f8e) Importer(815301076,1909f56bfc062723c751e8b465ee728b)
Start importing Assets/Prefabs/longLamp.prefab using Guid(f9a50e948c304cf4aa26d95196a81f8e) Importer(815301076,1909f56bfc062723c751e8b465ee728b)  -> (artifact id: '4ae304bf58ae83d6b7fc7bcf5fccbe02') in 0.009236 seconds
  Import took 0.011721 seconds .

========================================================================
Received Import Request.
  Time since last request: 9.082785 seconds.
  path: Assets/Prefabs/longLamp.prefab
  artifactKey: Guid(f9a50e948c304cf4aa26d95196a81f8e) Importer(815301076,1909f56bfc062723c751e8b465ee728b)
Start importing Assets/Prefabs/longLamp.prefab using Guid(f9a50e948c304cf4aa26d95196a81f8e) Importer(815301076,1909f56bfc062723c751e8b465ee728b)  -> (artifact id: 'af1abfee3760a946dd04b78f9621b31b') in 0.009049 seconds
  Import took 0.011595 seconds .

